<?xml version="1.0" encoding="UTF-8"?>
<robot generator="Robot 3.2.2 (Python 3.7.4 on win32)" generated="20210227 10:30:48.779" rpa="false">
<suite id="s1" name="Tests" source="F:\development\robot-scripts\first-scripts\tests">
<suite id="s1-s1" name="Amazon" source="F:\development\robot-scripts\first-scripts\tests\Amazon.robot">
<test id="s1-s1-t1" name="user need to login first">
<kw name="Connect" library="Postgresql">
<kw name="Connect To Database" library="DatabaseLibrary">
<doc>Loads the DB API 2.0 module given `dbapiModuleName` then uses it to
connect to the database using `dbName`, `dbUsername`, and `dbPassword`.</doc>
<arguments>
<arg>psycopg2</arg>
<arg>${DB_NAME}</arg>
<arg>${DB_USER_NAME}</arg>
<arg>${DB_USER_PASSWORD}</arg>
<arg>${DB_HOST}</arg>
<arg>${DB_PORT}</arg>
</arguments>
<msg timestamp="20210227 10:30:49.499" level="INFO">Connecting using : psycopg2.connect(database=family_adda, user=postgres, password=99370422@, host=localhost, port=5432) </msg>
<status status="PASS" starttime="20210227 10:30:49.467" endtime="20210227 10:30:49.579"></status>
</kw>
<kw name="Row Count" library="DatabaseLibrary">
<doc>Uses the input `selectStatement` to query the database and returns the number of rows from the query. Set
optional input `sansTran` to True to run command without an explicit transaction commit or rollback.</doc>
<arguments>
<arg>SELECT * FROM authentication;</arg>
</arguments>
<assign>
<var>${Count}</var>
</assign>
<msg timestamp="20210227 10:30:49.579" level="INFO">Executing : Row Count  |  SELECT * FROM authentication; </msg>
<msg timestamp="20210227 10:30:49.579" level="INFO">${Count} = 2</msg>
<status status="PASS" starttime="20210227 10:30:49.579" endtime="20210227 10:30:49.579"></status>
</kw>
<kw name="Log" library="BuiltIn">
<doc>Logs the given message with the given level.</doc>
<arguments>
<arg>${Count}</arg>
</arguments>
<msg timestamp="20210227 10:30:49.579" level="INFO">2</msg>
<status status="PASS" starttime="20210227 10:30:49.579" endtime="20210227 10:30:49.579"></status>
</kw>
<status status="PASS" starttime="20210227 10:30:49.467" endtime="20210227 10:30:49.579"></status>
</kw>
<kw name="Open Browser" library="SeleniumLibrary">
<doc>Opens a new browser instance to the optional ``url``.</doc>
<arguments>
<arg>http://www.google.com</arg>
<arg>chrome</arg>
</arguments>
<msg timestamp="20210227 10:30:49.587" level="INFO">Opening browser 'chrome' to base url 'http://www.google.com'.</msg>
<status status="PASS" starttime="20210227 10:30:49.587" endtime="20210227 10:30:57.173"></status>
</kw>
<kw name="Close Browser" library="SeleniumLibrary">
<doc>Closes the current browser.</doc>
<status status="PASS" starttime="20210227 10:30:57.173" endtime="20210227 10:30:59.351"></status>
</kw>
<status status="PASS" starttime="20210227 10:30:49.467" endtime="20210227 10:30:59.351" critical="yes"></status>
</test>
<doc>First test scripts</doc>
<status status="PASS" starttime="20210227 10:30:48.842" endtime="20210227 10:30:59.351"></status>
</suite>
<status status="PASS" starttime="20210227 10:30:48.795" endtime="20210227 10:30:59.351"></status>
</suite>
<statistics>
<total>
<stat pass="1" fail="0">Critical Tests</stat>
<stat pass="1" fail="0">All Tests</stat>
</total>
<tag>
</tag>
<suite>
<stat pass="1" fail="0" id="s1" name="Tests">Tests</stat>
<stat pass="1" fail="0" id="s1-s1" name="Amazon">Tests.Amazon</stat>
</suite>
</statistics>
<errors>
</errors>
</robot>
